c:\users\paizpiri\documents\visual studio 2015\projects\invoicerush\invoicerushserver\debug\invoicerushserver.pch
c:\users\paizpiri\documents\visual studio 2015\projects\invoicerush\invoicerushserver\debug\vc140.pdb
c:\users\paizpiri\documents\visual studio 2015\projects\invoicerush\invoicerushserver\debug\vc140.idb
c:\users\paizpiri\documents\visual studio 2015\projects\invoicerush\invoicerushserver\debug\stdafx.obj
c:\users\paizpiri\documents\visual studio 2015\projects\invoicerush\invoicerushserver\debug\invoicerushserver.obj
c:\users\paizpiri\documents\visual studio 2015\projects\invoicerush\invoicerushserver\debug\networkservices.obj
c:\users\paizpiri\documents\visual studio 2015\projects\invoicerush\invoicerushserver\debug\server.obj
c:\users\paizpiri\documents\visual studio 2015\projects\invoicerush\invoicerushserver\debug\connection.obj
c:\users\pablo\documents\visual studio 2015\projects\wincserver\debug\invoicerushserver.pch
c:\users\pablo\documents\visual studio 2015\projects\wincserver\debug\vc140.pdb
c:\users\pablo\documents\visual studio 2015\projects\wincserver\debug\vc140.idb
c:\users\pablo\documents\visual studio 2015\projects\wincserver\debug\stdafx.obj
c:\users\pablo\documents\visual studio 2015\projects\wincserver\debug\connection.obj
c:\users\pablo\documents\visual studio 2015\projects\wincserver\debug\invoicerushserver.obj
c:\users\pablo\documents\visual studio 2015\projects\wincserver\debug\server.obj
c:\users\paizpiri\documents\visual studio 2015\projects\invoicerush\debug\invoicerushserver.ilk
c:\users\paizpiri\documents\visual studio 2015\projects\invoicerush\debug\invoicerushserver.exe
c:\users\paizpiri\documents\visual studio 2015\projects\invoicerush\debug\invoicerushserver.pdb
c:\users\pablo\documents\visual studio 2015\projects\wincserver\debug\invoicerushserver.ilk
c:\users\pablo\documents\visual studio 2015\projects\wincserver\debug\invoicerushserver.exe
c:\users\pablo\documents\visual studio 2015\projects\wincserver\debug\invoicerushserver.pdb
c:\users\pablo\documents\visual studio 2015\projects\wincserver\debug\networkservices.obj
c:\users\pablo\documents\visual studio 2015\projects\wincserver\debug\server.obj.enc
c:\users\pablo\documents\visual studio 2015\projects\wincserver\debug\invoicer.4897f758.tlog\cl.command.1.tlog
c:\users\pablo\documents\visual studio 2015\projects\wincserver\debug\invoicer.4897f758.tlog\cl.read.1.tlog
c:\users\pablo\documents\visual studio 2015\projects\wincserver\debug\invoicer.4897f758.tlog\cl.write.1.tlog
c:\users\pablo\documents\visual studio 2015\projects\wincserver\debug\invoicer.4897f758.tlog\link.command.1.tlog
c:\users\pablo\documents\visual studio 2015\projects\wincserver\debug\invoicer.4897f758.tlog\link.read.1.tlog
c:\users\pablo\documents\visual studio 2015\projects\wincserver\debug\invoicer.4897f758.tlog\link.write.1.tlog
